Arguments: 
  E:\Node\node.exe C:\Users\CWH\AppData\Roaming\npm\node_modules\yarn\bin\yarn.js

PATH: 
  C:\Program Files (x86)\Common Files\Intel\Shared Libraries\redist\intel64\compiler;C:\ProgramData\Oracle\Java\javapath;C:\Windows\system32;C:\Windows;C:\Windows\System32\Wbem;C:\Windows\System32\WindowsPowerShell\v1.0\;C:\Program Files (x86)\NVIDIA Corporation\PhysX\Common;E:\Git\Git\cmd;C:\WINDOWS\system32;C:\WINDOWS;C:\WINDOWS\System32\Wbem;C:\WINDOWS\System32\WindowsPowerShell\v1.0\;C:\WINDOWS\System32\OpenSSH\;E:\Git\TortoiseGit\bin;E:\Apache\apache-tomcat-8.5.20-windows-x64\apache-tomcat-8.5.20\bin;E:\Apache\apache-tomcat-8.5.20-windows-x64\apache-tomcat-8.5.20\lib;C:\Program Files\Java\jdk1.8.0_131\bin;C:\Program Files\Java\jdk1.8.0_131\jre\bin;%APPDATA%\picgo\data.json;E:\Maven\apache-maven-3.6.3-bin\apache-maven-3.6.3\bin;E:\Python\Scripts\;E:\Python\;C:\Users\CWH\AppData\Local\Yarn\bin;D:\AE\解码器\QTSystem\;E:\Node\;E:\phpStudy\phpstudy_pro\Extensions\MySQL5.7.26\bin;E:\Python\Scripts\;E:\Python\;C:\Users\CWH\AppData\Local\Microsoft\WindowsApps;C:\Users\CWH\AppData\Local\Microsoft\WindowsApps;E:\VSCode\Microsoft VS Code\bin;E:\IDEA\IntelliJ IDEA 2019.2.4\bin;E:\Gradle\gradle-6.3\bin;C:\Users\CWH\AppData\Roaming\npm;C:\Users\CWH\AppData\Local\atom\bin;C:\Users\CWH\AppData\Local\GitHubDesktop\bin

Yarn version: 
  1.22.4

Node version: 
  12.16.2

Platform: 
  win32 x64

Trace: 
  Error: https://registry.npm.taobao.org/watchpack/download/watchpack-1.7.4.tgz?cache=0&sync_timestamp=1598569379663&other_urls=https%3A%2F%2Fregistry.npm.taobao.org%2Fwatchpack%2Fdownload%2Fwatchpack-1.7.4.tgz: ESOCKETTIMEDOUT
      at ClientRequest.<anonymous> (C:\Users\CWH\AppData\Roaming\npm\node_modules\yarn\lib\cli.js:141375:19)
      at Object.onceWrapper (events.js:416:28)
      at ClientRequest.emit (events.js:310:20)
      at TLSSocket.emitRequestTimeout (_http_client.js:714:9)
      at Object.onceWrapper (events.js:416:28)
      at TLSSocket.emit (events.js:310:20)
      at TLSSocket.Socket._onTimeout (net.js:479:8)
      at listOnTimeout (internal/timers.js:549:17)
      at processTimers (internal/timers.js:492:7)

npm manifest: 
  {
    "name": "vuepress",
    "version": "0.0.1",
    "description": "",
    "main": "index.js",
    "authors": {
      "name": "",
      "email": ""
    },
    "repository": "/vuepress",
    "scripts": {
      "dev": "vuepress dev docs",
      "build": "vuepress build docs"
    },
    "license": "MIT",
    "devDependencies": {
      "vuepress": "^1.3.1",
      "@vuepress/plugin-back-to-top": "^1.3.1",
      "@vuepress/plugin-medium-zoom": "^1.3.1"
    }
  }

yarn manifest: 
  No manifest

Lockfile: 
  No lockfile
